[2026-03-14 21:58:22,130] 22 root - INFO - Entered the data ingestion method or component
[2026-03-14 21:58:23,343] 28 root - INFO - Saved the raw data to csv file
[2026-03-14 21:58:23,438] 66 root - INFO - Saved the processed data to csv file
[2026-03-14 21:58:23,527] 72 root - INFO - Ingestion of the data is completed
[2026-03-14 21:58:23,570] 58 root - INFO - Reading test and train data completed
[2026-03-14 21:58:23,570] 59 root - INFO - Obtaining Preprocessing Object
[2026-03-14 21:58:23,570] 48 root - INFO - Numerical columns: ['AAPL_MA7', 'AMZN_MA7', 'GOOGL_MA7', 'MSFT_MA7', 'NVDA_MA7', 'AAPL_MA30', 'AMZN_MA30', 'GOOGL_MA30', 'MSFT_MA30', 'NVDA_MA30', 'AAPL_VOL', 'AMZN_VOL', 'GOOGL_VOL', 'MSFT_VOL', 'NVDA_VOL', 'AAPL_MOM5', 'AMZN_MOM5', 'GOOGL_MOM5', 'MSFT_MOM5', 'NVDA_MOM5', 'AAPL_MOM20', 'AMZN_MOM20', 'GOOGL_MOM20', 'MSFT_MOM20', 'NVDA_MOM20', 'AAPL_LAG1', 'AMZN_LAG1', 'GOOGL_LAG1', 'MSFT_LAG1', 'NVDA_LAG1', 'AAPL_LAG3', 'AMZN_LAG3', 'GOOGL_LAG3', 'MSFT_LAG3', 'NVDA_LAG3', 'AAPL_LAG5', 'AMZN_LAG5', 'GOOGL_LAG5', 'MSFT_LAG5', 'NVDA_LAG5', 'AAPL_MEANREV', 'AMZN_MEANREV', 'GOOGL_MEANREV', 'MSFT_MEANREV', 'NVDA_MEANREV', 'AAPL_VOLSHOCK', 'AMZN_VOLSHOCK', 'GOOGL_VOLSHOCK', 'MSFT_VOLSHOCK', 'NVDA_VOLSHOCK']
[2026-03-14 21:58:23,574] 49 root - INFO - Preprocessor: ColumnTransformer(transformers=[('num_pipeline',
                                 Pipeline(steps=[('imputer',
                                                  SimpleImputer(strategy='median')),
                                                 ('scaler', StandardScaler())]),
                                 ['AAPL_MA7', 'AMZN_MA7', 'GOOGL_MA7',
                                  'MSFT_MA7', 'NVDA_MA7', 'AAPL_MA30',
                                  'AMZN_MA30', 'GOOGL_MA30', 'MSFT_MA30',
                                  'NVDA_MA30', 'AAPL_VOL', 'AMZN_VOL',
                                  'GOOGL_VOL', 'MSFT_VOL', 'NVDA_VOL',
                                  'AAPL_MOM5', 'AMZN_MOM5', 'GOOGL_MOM5',
                                  'MSFT_MOM5', 'NVDA_MOM5', 'AAPL_MOM20',
                                  'AMZN_MOM20', 'GOOGL_MOM20', 'MSFT_MOM20',
                                  'NVDA_MOM20', 'AAPL_LAG1', 'AMZN_LAG1',
                                  'GOOGL_LAG1', 'MSFT_LAG1', 'NVDA_LAG1', ...])])
[2026-03-14 21:58:23,575] 74 root - INFO - Applying preprocessor object on training and test dataframe
[2026-03-14 21:58:23,587] 85 root - INFO - Saving preprocessing object
[2026-03-14 21:58:23,587] 26 root - INFO - Splitting training and test input data
[2026-03-14 21:58:53,130] 84 root - INFO - RandomForest training completed
[2026-03-14 21:59:09,203] 84 root - INFO - XGBoost training completed
[2026-03-14 21:59:09,203] 52 root - INFO - Best found mode on dataset XGBoost
