[2026-03-22 00:29:12,034] 22 root - INFO - Entered the data ingestion method or component
[2026-03-22 00:29:17,522] 28 root - INFO - Saved the raw data to csv file
[2026-03-22 00:29:17,637] 54 root - INFO - Saved the processed data to csv file
[2026-03-22 00:29:17,762] 60 root - INFO - Ingestion of the data is completed
[2026-03-22 00:29:17,819] 53 root - INFO - Reading test and train data completed
[2026-03-22 00:29:17,819] 54 root - INFO - Obtaining Preprocessing Object
[2026-03-22 00:29:17,819] 43 root - INFO - Numerical columns: ['AAPL_MA7', 'AMZN_MA7', 'GOOGL_MA7', 'MSFT_MA7', 'NVDA_MA7', 'AAPL_MA30', 'AMZN_MA30', 'GOOGL_MA30', 'MSFT_MA30', 'NVDA_MA30', 'AAPL_VOL', 'AMZN_VOL', 'GOOGL_VOL', 'MSFT_VOL', 'NVDA_VOL', 'AAPL_MOM20', 'AMZN_MOM20', 'GOOGL_MOM20', 'MSFT_MOM20', 'NVDA_MOM20', 'AAPL_LAG1', 'AMZN_LAG1', 'GOOGL_LAG1', 'MSFT_LAG1', 'NVDA_LAG1']
[2026-03-22 00:29:17,823] 44 root - INFO - Preprocessor: ColumnTransformer(transformers=[('num_pipeline',
                                 Pipeline(steps=[('imputer',
                                                  SimpleImputer(strategy='median')),
                                                 ('scaler', StandardScaler())]),
                                 ['AAPL_MA7', 'AMZN_MA7', 'GOOGL_MA7',
                                  'MSFT_MA7', 'NVDA_MA7', 'AAPL_MA30',
                                  'AMZN_MA30', 'GOOGL_MA30', 'MSFT_MA30',
                                  'NVDA_MA30', 'AAPL_VOL', 'AMZN_VOL',
                                  'GOOGL_VOL', 'MSFT_VOL', 'NVDA_VOL',
                                  'AAPL_MOM20', 'AMZN_MOM20', 'GOOGL_MOM20',
                                  'MSFT_MOM20', 'NVDA_MOM20', 'AAPL_LAG1',
                                  'AMZN_LAG1', 'GOOGL_LAG1', 'MSFT_LAG1',
                                  'NVDA_LAG1'])])
[2026-03-22 00:29:17,824] 70 root - INFO - Applying preprocessor object on training and test dataframe
[2026-03-22 00:29:17,837] 81 root - INFO - Saving preprocessing object
[2026-03-22 00:29:17,838] 27 root - INFO - Splitting training and test input data
[2026-03-22 00:29:34,946] 90 root - INFO - RandomForest training completed
[2026-03-22 00:29:58,484] 90 root - INFO - XGBoost training completed
[2026-03-22 00:29:58,484] 55 root - INFO - Best found mode on dataset XGBoost
