[2026-03-14 20:37:33,992] 22 root - INFO - Entered the data ingestion method or component
[2026-03-14 20:37:35,490] 28 root - INFO - Saved the raw data to csv file
[2026-03-14 20:37:35,544] 47 root - INFO - Saved the processed data to csv file
[2026-03-14 20:37:35,585] 51 root - INFO - Ingestion of the data is completed
[2026-03-14 20:37:35,623] 52 root - INFO - Reading test and train data completed
[2026-03-14 20:37:35,623] 53 root - INFO - Obtaining Preprocessing Object
[2026-03-14 20:37:35,623] 42 root - INFO - Numerical columns: ['AAPL_MA7', 'AMZN_MA7', 'GOOGL_MA7', 'MSFT_MA7', 'NVDA_MA7', 'AAPL_MA30', 'AMZN_MA30', 'GOOGL_MA30', 'MSFT_MA30', 'NVDA_MA30', 'AAPL_VOL', 'AMZN_VOL', 'GOOGL_VOL', 'MSFT_VOL', 'NVDA_VOL', 'AAPL_MOM', 'AMZN_MOM', 'GOOGL_MOM', 'MSFT_MOM', 'NVDA_MOM']
[2026-03-14 20:37:35,627] 43 root - INFO - Preprocessor: ColumnTransformer(transformers=[('num_pipeline',
                                 Pipeline(steps=[('imputer',
                                                  SimpleImputer(strategy='median')),
                                                 ('scaler', StandardScaler())]),
                                 ['AAPL_MA7', 'AMZN_MA7', 'GOOGL_MA7',
                                  'MSFT_MA7', 'NVDA_MA7', 'AAPL_MA30',
                                  'AMZN_MA30', 'GOOGL_MA30', 'MSFT_MA30',
                                  'NVDA_MA30', 'AAPL_VOL', 'AMZN_VOL',
                                  'GOOGL_VOL', 'MSFT_VOL', 'NVDA_VOL',
                                  'AAPL_MOM', 'AMZN_MOM', 'GOOGL_MOM',
                                  'MSFT_MOM', 'NVDA_MOM'])])
[2026-03-14 20:37:35,628] 68 root - INFO - Applying preprocessor object on training and test dataframe
[2026-03-14 20:37:35,634] 79 root - INFO - Saving preprocessing object
[2026-03-14 20:37:35,635] 25 root - INFO - Splitting training and test input data
[2026-03-14 20:39:16,958] 85 root - INFO - Training of the data is completed
[2026-03-14 20:39:41,764] 85 root - INFO - Training of the data is completed
