[2026-03-22 00:37:43,540] 22 root - INFO - Entered the data ingestion method or component
[2026-03-22 00:37:45,683] 28 root - INFO - Saved the raw data to csv file
[2026-03-22 00:37:45,791] 54 root - INFO - Saved the processed data to csv file
[2026-03-22 00:37:45,894] 60 root - INFO - Ingestion of the data is completed
[2026-03-22 00:37:45,942] 58 root - INFO - Reading test and train data completed
[2026-03-22 00:37:45,942] 59 root - INFO - Obtaining Preprocessing Object
[2026-03-22 00:37:45,942] 48 root - INFO - Numerical columns: ['AAPL_MA7', 'AAPL_MA30', 'AAPL_VOL', 'AAPL_MOM20', 'AAPL_LAG1', 'MSFT_MA7', 'MSFT_MA30', 'MSFT_VOL', 'MSFT_MOM20', 'MSFT_LAG1', 'GOOGL_MA7', 'GOOGL_MA30', 'GOOGL_VOL', 'GOOGL_MOM20', 'GOOGL_LAG1', 'AMZN_MA7', 'AMZN_MA30', 'AMZN_VOL', 'AMZN_MOM20', 'AMZN_LAG1', 'NVDA_MA7', 'NVDA_MA30', 'NVDA_VOL', 'NVDA_MOM20', 'NVDA_LAG1', 'META_MA7', 'META_MA30', 'META_VOL', 'META_MOM20', 'META_LAG1', 'NFLX_MA7', 'NFLX_MA30', 'NFLX_VOL', 'NFLX_MOM20', 'NFLX_LAG1', 'TSLA_MA7', 'TSLA_MA30', 'TSLA_VOL', 'TSLA_MOM20', 'TSLA_LAG1', 'ADBE_MA7', 'ADBE_MA30', 'ADBE_VOL', 'ADBE_MOM20', 'ADBE_LAG1', 'INTC_MA7', 'INTC_MA30', 'INTC_VOL', 'INTC_MOM20', 'INTC_LAG1', 'AMD_MA7', 'AMD_MA30', 'AMD_VOL', 'AMD_MOM20', 'AMD_LAG1']
[2026-03-22 00:37:45,946] 49 root - INFO - Preprocessor: ColumnTransformer(transformers=[('num_pipeline',
                                 Pipeline(steps=[('imputer',
                                                  SimpleImputer(strategy='median')),
                                                 ('scaler', StandardScaler())]),
                                 ['AAPL_MA7', 'AAPL_MA30', 'AAPL_VOL',
                                  'AAPL_MOM20', 'AAPL_LAG1', 'MSFT_MA7',
                                  'MSFT_MA30', 'MSFT_VOL', 'MSFT_MOM20',
                                  'MSFT_LAG1', 'GOOGL_MA7', 'GOOGL_MA30',
                                  'GOOGL_VOL', 'GOOGL_MOM20', 'GOOGL_LAG1',
                                  'AMZN_MA7', 'AMZN_MA30', 'AMZN_VOL',
                                  'AMZN_MOM20', 'AMZN_LAG1', 'NVDA_MA7',
                                  'NVDA_MA30', 'NVDA_VOL', 'NVDA_MOM20',
                                  'NVDA_LAG1', 'META_MA7', 'META_MA30',
                                  'META_VOL', 'META_MOM20', 'META_LAG1', ...])])
[2026-03-22 00:37:45,947] 75 root - INFO - Applying preprocessor object on training and test dataframe
[2026-03-22 00:37:45,957] 86 root - INFO - Saving preprocessing object
[2026-03-22 00:37:45,958] 27 root - INFO - Splitting training and test input data
[2026-03-22 00:38:14,634] 90 root - INFO - RandomForest training completed
[2026-03-22 00:39:16,649] 90 root - INFO - XGBoost training completed
[2026-03-22 00:39:16,649] 55 root - INFO - Best found mode on dataset XGBoost
